[2025-01-30 06:46:27] local.ERROR: Failed to authenticate on SMTP server with username "cr_cirendang@justnear.my.id" using the following authenticators: "LOGIN", "PLAIN". Authenticator "LOGIN" returned "Expected response code "235" but got code "535", with message "535 Incorrect authentication data".". Authenticator "PLAIN" returned "Expected response code "235" but got code "535", with message "535 Incorrect authentication data".". {"exception":"[object] (Symfony\\Component\\Mailer\\Exception\\TransportException(code: 535): Failed to authenticate on SMTP server with username \"cr_cirendang@justnear.my.id\" using the following authenticators: \"LOGIN\", \"PLAIN\". Authenticator \"LOGIN\" returned \"Expected response code \"235\" but got code \"535\", with message \"535 Incorrect authentication data\".\". Authenticator \"PLAIN\" returned \"Expected response code \"235\" but got code \"535\", with message \"535 Incorrect authentication data\".\". at /Users/macbookair/Documents/Documents - Ali Abdurohman/projek/cahaya-raudhah-cirendang/vendor/symfony/mailer/Transport/Smtp/EsmtpTransport.php:242)
[stacktrace]
#0 /Users/macbookair/Documents/Documents - Ali Abdurohman/projek/cahaya-raudhah-cirendang/vendor/symfony/mailer/Transport/Smtp/EsmtpTransport.php(177): Symfony\\Component\\Mailer\\Transport\\Smtp\\EsmtpTransport->handleAuth(Array)
#1 /Users/macbookair/Documents/Documents - Ali Abdurohman/projek/cahaya-raudhah-cirendang/vendor/symfony/mailer/Transport/Smtp/EsmtpTransport.php(134): Symfony\\Component\\Mailer\\Transport\\Smtp\\EsmtpTransport->doEhloCommand()
#2 /Users/macbookair/Documents/Documents - Ali Abdurohman/projek/cahaya-raudhah-cirendang/vendor/symfony/mailer/Transport/Smtp/SmtpTransport.php(249): Symfony\\Component\\Mailer\\Transport\\Smtp\\EsmtpTransport->executeCommand('HELO localhost\\r...', Array)
#3 /Users/macbookair/Documents/Documents - Ali Abdurohman/projek/cahaya-raudhah-cirendang/vendor/symfony/mailer/Transport/Smtp/SmtpTransport.php(272): Symfony\\Component\\Mailer\\Transport\\Smtp\\SmtpTransport->doHeloCommand()
#4 /Users/macbookair/Documents/Documents - Ali Abdurohman/projek/cahaya-raudhah-cirendang/vendor/symfony/mailer/Transport/Smtp/SmtpTransport.php(209): Symfony\\Component\\Mailer\\Transport\\Smtp\\SmtpTransport->start()
#5 /Users/macbookair/Documents/Documents - Ali Abdurohman/projek/cahaya-raudhah-cirendang/vendor/symfony/mailer/Transport/AbstractTransport.php(69): Symfony\\Component\\Mailer\\Transport\\Smtp\\SmtpTransport->doSend(Object(Symfony\\Component\\Mailer\\SentMessage))
#6 /Users/macbookair/Documents/Documents - Ali Abdurohman/projek/cahaya-raudhah-cirendang/vendor/symfony/mailer/Transport/Smtp/SmtpTransport.php(137): Symfony\\Component\\Mailer\\Transport\\AbstractTransport->send(Object(Symfony\\Component\\Mime\\Email), Object(Symfony\\Component\\Mailer\\DelayedEnvelope))
#7 /Users/macbookair/Documents/Documents - Ali Abdurohman/projek/cahaya-raudhah-cirendang/vendor/laravel/framework/src/Illuminate/Mail/Mailer.php(585): Symfony\\Component\\Mailer\\Transport\\Smtp\\SmtpTransport->send(Object(Symfony\\Component\\Mime\\Email), Object(Symfony\\Component\\Mailer\\DelayedEnvelope))
#8 /Users/macbookair/Documents/Documents - Ali Abdurohman/projek/cahaya-raudhah-cirendang/vendor/laravel/framework/src/Illuminate/Mail/Mailer.php(332): Illuminate\\Mail\\Mailer->sendSymfonyMessage(Object(Symfony\\Component\\Mime\\Email))
#9 /Users/macbookair/Documents/Documents - Ali Abdurohman/projek/cahaya-raudhah-cirendang/vendor/laravel/framework/src/Illuminate/Notifications/Channels/MailChannel.php(66): Illuminate\\Mail\\Mailer->send(Object(Closure), Array, Object(Closure))
#10 /Users/macbookair/Documents/Documents - Ali Abdurohman/projek/cahaya-raudhah-cirendang/vendor/laravel/framework/src/Illuminate/Notifications/NotificationSender.php(148): Illuminate\\Notifications\\Channels\\MailChannel->send(Object(App\\Models\\User), Object(Illuminate\\Auth\\Notifications\\VerifyEmail))
#11 /Users/macbookair/Documents/Documents - Ali Abdurohman/projek/cahaya-raudhah-cirendang/vendor/laravel/framework/src/Illuminate/Notifications/NotificationSender.php(106): Illuminate\\Notifications\\NotificationSender->sendToNotifiable(Object(App\\Models\\User), '3973b07f-3ca1-4...', Object(Illuminate\\Auth\\Notifications\\VerifyEmail), 'mail')
#12 /Users/macbookair/Documents/Documents - Ali Abdurohman/projek/cahaya-raudhah-cirendang/vendor/laravel/framework/src/Illuminate/Support/Traits/Localizable.php(19): Illuminate\\Notifications\\NotificationSender->Illuminate\\Notifications\\{closure}()
#13 /Users/macbookair/Documents/Documents - Ali Abdurohman/projek/cahaya-raudhah-cirendang/vendor/laravel/framework/src/Illuminate/Notifications/NotificationSender.php(101): Illuminate\\Notifications\\NotificationSender->withLocale(NULL, Object(Closure))
#14 /Users/macbookair/Documents/Documents - Ali Abdurohman/projek/cahaya-raudhah-cirendang/vendor/laravel/framework/src/Illuminate/Notifications/NotificationSender.php(79): Illuminate\\Notifications\\NotificationSender->sendNow(Object(Illuminate\\Database\\Eloquent\\Collection), Object(Illuminate\\Auth\\Notifications\\VerifyEmail))
#15 /Users/macbookair/Documents/Documents - Ali Abdurohman/projek/cahaya-raudhah-cirendang/vendor/laravel/framework/src/Illuminate/Notifications/ChannelManager.php(39): Illuminate\\Notifications\\NotificationSender->send(Object(Illuminate\\Database\\Eloquent\\Collection), Object(Illuminate\\Auth\\Notifications\\VerifyEmail))
#16 /Users/macbookair/Documents/Documents - Ali Abdurohman/projek/cahaya-raudhah-cirendang/vendor/laravel/framework/src/Illuminate/Notifications/RoutesNotifications.php(18): Illuminate\\Notifications\\ChannelManager->send(Object(App\\Models\\User), Object(Illuminate\\Auth\\Notifications\\VerifyEmail))
#17 /Users/macbookair/Documents/Documents - Ali Abdurohman/projek/cahaya-raudhah-cirendang/vendor/laravel/framework/src/Illuminate/Auth/MustVerifyEmail.php(38): App\\Models\\User->notify(Object(Illuminate\\Auth\\Notifications\\VerifyEmail))
#18 /Users/macbookair/Documents/Documents - Ali Abdurohman/projek/cahaya-raudhah-cirendang/vendor/laravel/framework/src/Illuminate/Auth/Listeners/SendEmailVerificationNotification.php(19): Illuminate\\Foundation\\Auth\\User->sendEmailVerificationNotification()
#19 /Users/macbookair/Documents/Documents - Ali Abdurohman/projek/cahaya-raudhah-cirendang/vendor/laravel/framework/src/Illuminate/Events/Dispatcher.php(478): Illuminate\\Auth\\Listeners\\SendEmailVerificationNotification->handle(Object(Illuminate\\Auth\\Events\\Registered))
#20 /Users/macbookair/Documents/Documents - Ali Abdurohman/projek/cahaya-raudhah-cirendang/vendor/laravel/framework/src/Illuminate/Events/Dispatcher.php(286): Illuminate\\Events\\Dispatcher->Illuminate\\Events\\{closure}('Illuminate\\\\Auth...', Array)
#21 /Users/macbookair/Documents/Documents - Ali Abdurohman/projek/cahaya-raudhah-cirendang/vendor/laravel/framework/src/Illuminate/Events/Dispatcher.php(266): Illuminate\\Events\\Dispatcher->invokeListeners('Illuminate\\\\Auth...', Array, false)
#22 /Users/macbookair/Documents/Documents - Ali Abdurohman/projek/cahaya-raudhah-cirendang/vendor/laravel/framework/src/Illuminate/Foundation/helpers.php(473): Illuminate\\Events\\Dispatcher->dispatch('Illuminate\\\\Auth...')
#23 /Users/macbookair/Documents/Documents - Ali Abdurohman/projek/cahaya-raudhah-cirendang/vendor/laravel/ui/auth-backend/RegistersUsers.php(34): event(Object(Illuminate\\Auth\\Events\\Registered))
#24 /Users/macbookair/Documents/Documents - Ali Abdurohman/projek/cahaya-raudhah-cirendang/vendor/laravel/framework/src/Illuminate/Routing/Controller.php(54): App\\Http\\Controllers\\Auth\\RegisterController->register(Object(Illuminate\\Http\\Request))
#25 /Users/macbookair/Documents/Documents - Ali Abdurohman/projek/cahaya-raudhah-cirendang/vendor/laravel/framework/src/Illuminate/Routing/ControllerDispatcher.php(43): Illuminate\\Routing\\Controller->callAction('register', Array)
#26 /Users/macbookair/Documents/Documents - Ali Abdurohman/projek/cahaya-raudhah-cirendang/vendor/laravel/framework/src/Illuminate/Routing/Route.php(262): Illuminate\\Routing\\ControllerDispatcher->dispatch(Object(Illuminate\\Routing\\Route), Object(App\\Http\\Controllers\\Auth\\RegisterController), 'register')
#27 /Users/macbookair/Documents/Documents - Ali Abdurohman/projek/cahaya-raudhah-cirendang/vendor/laravel/framework/src/Illuminate/Routing/Route.php(208): Illuminate\\Routing\\Route->runController()
#28 /Users/macbookair/Documents/Documents - Ali Abdurohman/projek/cahaya-raudhah-cirendang/vendor/laravel/framework/src/Illuminate/Routing/Router.php(808): Illuminate\\Routing\\Route->run()
#29 /Users/macbookair/Documents/Documents - Ali Abdurohman/projek/cahaya-raudhah-cirendang/vendor/laravel/framework/src/Illuminate/Pipeline/Pipeline.php(144): Illuminate\\Routing\\Router->Illuminate\\Routing\\{closure}(Object(Illuminate\\Http\\Request))
#30 /Users/macbookair/Documents/Documents - Ali Abdurohman/projek/cahaya-raudhah-cirendang/vendor/laravel/framework/src/Illuminate/Auth/Middleware/RedirectIfAuthenticated.php(35): Illuminate\\Pipeline\\Pipeline->Illuminate\\Pipeline\\{closure}(Object(Illuminate\\Http\\Request))
#31 /Users/macbookair/Documents/Documents - Ali Abdurohman/projek/cahaya-raudhah-cirendang/vendor/laravel/framework/src/Illuminate/Pipeline/Pipeline.php(183): Illuminate\\Auth\\Middleware\\RedirectIfAuthenticated->handle(Object(Illuminate\\Http\\Request), Object(Closure))
#32 /Users/macbookair/Documents/Documents - Ali Abdurohman/projek/cahaya-raudhah-cirendang/vendor/laravel/framework/src/Illuminate/Routing/Middleware/SubstituteBindings.php(51): Illuminate\\Pipeline\\Pipeline->Illuminate\\Pipeline\\{closure}(Object(Illuminate\\Http\\Request))
#33 /Users/macbookair/Documents/Documents - Ali Abdurohman/projek/cahaya-raudhah-cirendang/vendor/laravel/framework/src/Illuminate/Pipeline/Pipeline.php(183): Illuminate\\Routing\\Middleware\\SubstituteBindings->handle(Object(Illuminate\\Http\\Request), Object(Closure))
#34 /Users/macbookair/Documents/Documents - Ali Abdurohman/projek/cahaya-raudhah-cirendang/vendor/laravel/framework/src/Illuminate/Foundation/Http/Middleware/VerifyCsrfToken.php(88): Illuminate\\Pipeline\\Pipeline->Illuminate\\Pipeline\\{closure}(Object(Illuminate\\Http\\Request))
#35 /Users/macbookair/Documents/Documents - Ali Abdurohman/projek/cahaya-raudhah-cirendang/vendor/laravel/framework/src/Illuminate/Pipeline/Pipeline.php(183): Illuminate\\Foundation\\Http\\Middleware\\VerifyCsrfToken->handle(Object(Illuminate\\Http\\Request), Object(Closure))
#36 /Users/macbookair/Documents/Documents - Ali Abdurohman/projek/cahaya-raudhah-cirendang/vendor/laravel/framework/src/Illuminate/View/Middleware/ShareErrorsFromSession.php(49): Illuminate\\Pipeline\\Pipeline->Illuminate\\Pipeline\\{closure}(Object(Illuminate\\Http\\Request))
#37 /Users/macbookair/Documents/Documents - Ali Abdurohman/projek/cahaya-raudhah-cirendang/vendor/laravel/framework/src/Illuminate/Pipeline/Pipeline.php(183): Illuminate\\View\\Middleware\\ShareErrorsFromSession->handle(Object(Illuminate\\Http\\Request), Object(Closure))
#38 /Users/macbookair/Documents/Documents - Ali Abdurohman/projek/cahaya-raudhah-cirendang/vendor/laravel/framework/src/Illuminate/Session/Middleware/StartSession.php(121): Illuminate\\Pipeline\\Pipeline->Illuminate\\Pipeline\\{closure}(Object(Illuminate\\Http\\Request))
#39 /Users/macbookair/Documents/Documents - Ali Abdurohman/projek/cahaya-raudhah-cirendang/vendor/laravel/framework/src/Illuminate/Session/Middleware/StartSession.php(64): Illuminate\\Session\\Middleware\\StartSession->handleStatefulRequest(Object(Illuminate\\Http\\Request), Object(Illuminate\\Session\\Store), Object(Closure))
#40 /Users/macbookair/Documents/Documents - Ali Abdurohman/projek/cahaya-raudhah-cirendang/vendor/laravel/framework/src/Illuminate/Pipeline/Pipeline.php(183): Illuminate\\Session\\Middleware\\StartSession->handle(Object(Illuminate\\Http\\Request), Object(Closure))
#41 /Users/macbookair/Documents/Documents - Ali Abdurohman/projek/cahaya-raudhah-cirendang/vendor/laravel/framework/src/Illuminate/Cookie/Middleware/AddQueuedCookiesToResponse.php(37): Illuminate\\Pipeline\\Pipeline->Illuminate\\Pipeline\\{closure}(Object(Illuminate\\Http\\Request))
#42 /Users/macbookair/Documents/Documents - Ali Abdurohman/projek/cahaya-raudhah-cirendang/vendor/laravel/framework/src/Illuminate/Pipeline/Pipeline.php(183): Illuminate\\Cookie\\Middleware\\AddQueuedCookiesToResponse->handle(Object(Illuminate\\Http\\Request), Object(Closure))
#43 /Users/macbookair/Documents/Documents - Ali Abdurohman/projek/cahaya-raudhah-cirendang/vendor/laravel/framework/src/Illuminate/Cookie/Middleware/EncryptCookies.php(75): Illuminate\\Pipeline\\Pipeline->Illuminate\\Pipeline\\{closure}(Object(Illuminate\\Http\\Request))
#44 /Users/macbookair/Documents/Documents - Ali Abdurohman/projek/cahaya-raudhah-cirendang/vendor/laravel/framework/src/Illuminate/Pipeline/Pipeline.php(183): Illuminate\\Cookie\\Middleware\\EncryptCookies->handle(Object(Illuminate\\Http\\Request), Object(Closure))
#45 /Users/macbookair/Documents/Documents - Ali Abdurohman/projek/cahaya-raudhah-cirendang/vendor/laravel/framework/src/Illuminate/Pipeline/Pipeline.php(119): Illuminate\\Pipeline\\Pipeline->Illuminate\\Pipeline\\{closure}(Object(Illuminate\\Http\\Request))
#46 /Users/macbookair/Documents/Documents - Ali Abdurohman/projek/cahaya-raudhah-cirendang/vendor/laravel/framework/src/Illuminate/Routing/Router.php(807): Illuminate\\Pipeline\\Pipeline->then(Object(Closure))
#47 /Users/macbookair/Documents/Documents - Ali Abdurohman/projek/cahaya-raudhah-cirendang/vendor/laravel/framework/src/Illuminate/Routing/Router.php(786): Illuminate\\Routing\\Router->runRouteWithinStack(Object(Illuminate\\Routing\\Route), Object(Illuminate\\Http\\Request))
#48 /Users/macbookair/Documents/Documents - Ali Abdurohman/projek/cahaya-raudhah-cirendang/vendor/laravel/framework/src/Illuminate/Routing/Router.php(750): Illuminate\\Routing\\Router->runRoute(Object(Illuminate\\Http\\Request), Object(Illuminate\\Routing\\Route))
#49 /Users/macbookair/Documents/Documents - Ali Abdurohman/projek/cahaya-raudhah-cirendang/vendor/laravel/framework/src/Illuminate/Routing/Router.php(739): Illuminate\\Routing\\Router->dispatchToRoute(Object(Illuminate\\Http\\Request))
#50 /Users/macbookair/Documents/Documents - Ali Abdurohman/projek/cahaya-raudhah-cirendang/vendor/laravel/framework/src/Illuminate/Foundation/Http/Kernel.php(201): Illuminate\\Routing\\Router->dispatch(Object(Illuminate\\Http\\Request))
#51 /Users/macbookair/Documents/Documents - Ali Abdurohman/projek/cahaya-raudhah-cirendang/vendor/laravel/framework/src/Illuminate/Pipeline/Pipeline.php(144): Illuminate\\Foundation\\Http\\Kernel->Illuminate\\Foundation\\Http\\{closure}(Object(Illuminate\\Http\\Request))
#52 /Users/macbookair/Documents/Documents - Ali Abdurohman/projek/cahaya-raudhah-cirendang/app/Http/Middleware/MidtransConfig.php(22): Illuminate\\Pipeline\\Pipeline->Illuminate\\Pipeline\\{closure}(Object(Illuminate\\Http\\Request))
#53 /Users/macbookair/Documents/Documents - Ali Abdurohman/projek/cahaya-raudhah-cirendang/vendor/laravel/framework/src/Illuminate/Pipeline/Pipeline.php(183): App\\Http\\Middleware\\MidtransConfig->handle(Object(Illuminate\\Http\\Request), Object(Closure))
#54 /Users/macbookair/Documents/Documents - Ali Abdurohman/projek/cahaya-raudhah-cirendang/vendor/laravel/framework/src/Illuminate/Foundation/Http/Middleware/TransformsRequest.php(21): Illuminate\\Pipeline\\Pipeline->Illuminate\\Pipeline\\{closure}(Object(Illuminate\\Http\\Request))
#55 /Users/macbookair/Documents/Documents - Ali Abdurohman/projek/cahaya-raudhah-cirendang/vendor/laravel/framework/src/Illuminate/Foundation/Http/Middleware/ConvertEmptyStringsToNull.php(31): Illuminate\\Foundation\\Http\\Middleware\\TransformsRequest->handle(Object(Illuminate\\Http\\Request), Object(Closure))
#56 /Users/macbookair/Documents/Documents - Ali Abdurohman/projek/cahaya-raudhah-cirendang/vendor/laravel/framework/src/Illuminate/Pipeline/Pipeline.php(183): Illuminate\\Foundation\\Http\\Middleware\\ConvertEmptyStringsToNull->handle(Object(Illuminate\\Http\\Request), Object(Closure))
#57 /Users/macbookair/Documents/Documents - Ali Abdurohman/projek/cahaya-raudhah-cirendang/vendor/laravel/framework/src/Illuminate/Foundation/Http/Middleware/TransformsRequest.php(21): Illuminate\\Pipeline\\Pipeline->Illuminate\\Pipeline\\{closure}(Object(Illuminate\\Http\\Request))
#58 /Users/macbookair/Documents/Documents - Ali Abdurohman/projek/cahaya-raudhah-cirendang/vendor/laravel/framework/src/Illuminate/Foundation/Http/Middleware/TrimStrings.php(51): Illuminate\\Foundation\\Http\\Middleware\\TransformsRequest->handle(Object(Illuminate\\Http\\Request), Object(Closure))
#59 /Users/macbookair/Documents/Documents - Ali Abdurohman/projek/cahaya-raudhah-cirendang/vendor/laravel/framework/src/Illuminate/Pipeline/Pipeline.php(183): Illuminate\\Foundation\\Http\\Middleware\\TrimStrings->handle(Object(Illuminate\\Http\\Request), Object(Closure))
#60 /Users/macbookair/Documents/Documents - Ali Abdurohman/projek/cahaya-raudhah-cirendang/vendor/laravel/framework/src/Illuminate/Http/Middleware/ValidatePostSize.php(27): Illuminate\\Pipeline\\Pipeline->Illuminate\\Pipeline\\{closure}(Object(Illuminate\\Http\\Request))
#61 /Users/macbookair/Documents/Documents - Ali Abdurohman/projek/cahaya-raudhah-cirendang/vendor/laravel/framework/src/Illuminate/Pipeline/Pipeline.php(183): Illuminate\\Http\\Middleware\\ValidatePostSize->handle(Object(Illuminate\\Http\\Request), Object(Closure))
#62 /Users/macbookair/Documents/Documents - Ali Abdurohman/projek/cahaya-raudhah-cirendang/vendor/laravel/framework/src/Illuminate/Foundation/Http/Middleware/PreventRequestsDuringMaintenance.php(110): Illuminate\\Pipeline\\Pipeline->Illuminate\\Pipeline\\{closure}(Object(Illuminate\\Http\\Request))
#63 /Users/macbookair/Documents/Documents - Ali Abdurohman/projek/cahaya-raudhah-cirendang/vendor/laravel/framework/src/Illuminate/Pipeline/Pipeline.php(183): Illuminate\\Foundation\\Http\\Middleware\\PreventRequestsDuringMaintenance->handle(Object(Illuminate\\Http\\Request), Object(Closure))
#64 /Users/macbookair/Documents/Documents - Ali Abdurohman/projek/cahaya-raudhah-cirendang/vendor/laravel/framework/src/Illuminate/Http/Middleware/HandleCors.php(49): Illuminate\\Pipeline\\Pipeline->Illuminate\\Pipeline\\{closure}(Object(Illuminate\\Http\\Request))
#65 /Users/macbookair/Documents/Documents - Ali Abdurohman/projek/cahaya-raudhah-cirendang/vendor/laravel/framework/src/Illuminate/Pipeline/Pipeline.php(183): Illuminate\\Http\\Middleware\\HandleCors->handle(Object(Illuminate\\Http\\Request), Object(Closure))
#66 /Users/macbookair/Documents/Documents - Ali Abdurohman/projek/cahaya-raudhah-cirendang/vendor/laravel/framework/src/Illuminate/Http/Middleware/TrustProxies.php(58): Illuminate\\Pipeline\\Pipeline->Illuminate\\Pipeline\\{closure}(Object(Illuminate\\Http\\Request))
#67 /Users/macbookair/Documents/Documents - Ali Abdurohman/projek/cahaya-raudhah-cirendang/vendor/laravel/framework/src/Illuminate/Pipeline/Pipeline.php(183): Illuminate\\Http\\Middleware\\TrustProxies->handle(Object(Illuminate\\Http\\Request), Object(Closure))
#68 /Users/macbookair/Documents/Documents - Ali Abdurohman/projek/cahaya-raudhah-cirendang/vendor/laravel/framework/src/Illuminate/Foundation/Http/Middleware/InvokeDeferredCallbacks.php(22): Illuminate\\Pipeline\\Pipeline->Illuminate\\Pipeline\\{closure}(Object(Illuminate\\Http\\Request))
#69 /Users/macbookair/Documents/Documents - Ali Abdurohman/projek/cahaya-raudhah-cirendang/vendor/laravel/framework/src/Illuminate/Pipeline/Pipeline.php(183): Illuminate\\Foundation\\Http\\Middleware\\InvokeDeferredCallbacks->handle(Object(Illuminate\\Http\\Request), Object(Closure))
#70 /Users/macbookair/Documents/Documents - Ali Abdurohman/projek/cahaya-raudhah-cirendang/vendor/laravel/framework/src/Illuminate/Pipeline/Pipeline.php(119): Illuminate\\Pipeline\\Pipeline->Illuminate\\Pipeline\\{closure}(Object(Illuminate\\Http\\Request))
#71 /Users/macbookair/Documents/Documents - Ali Abdurohman/projek/cahaya-raudhah-cirendang/vendor/laravel/framework/src/Illuminate/Foundation/Http/Kernel.php(176): Illuminate\\Pipeline\\Pipeline->then(Object(Closure))
#72 /Users/macbookair/Documents/Documents - Ali Abdurohman/projek/cahaya-raudhah-cirendang/vendor/laravel/framework/src/Illuminate/Foundation/Http/Kernel.php(145): Illuminate\\Foundation\\Http\\Kernel->sendRequestThroughRouter(Object(Illuminate\\Http\\Request))
#73 /Users/macbookair/Documents/Documents - Ali Abdurohman/projek/cahaya-raudhah-cirendang/vendor/laravel/framework/src/Illuminate/Foundation/Application.php(1188): Illuminate\\Foundation\\Http\\Kernel->handle(Object(Illuminate\\Http\\Request))
#74 /Users/macbookair/Documents/Documents - Ali Abdurohman/projek/cahaya-raudhah-cirendang/public/index.php(17): Illuminate\\Foundation\\Application->handleRequest(Object(Illuminate\\Http\\Request))
#75 /Users/macbookair/Documents/Documents - Ali Abdurohman/projek/cahaya-raudhah-cirendang/vendor/laravel/framework/src/Illuminate/Foundation/resources/server.php(23): require_once('/Users/macbooka...')
#76 {main}
"} 
